e:\visual studio操作文件\charclient\charclient\release\charclient.pch
e:\visual studio操作文件\charclient\charclient\release\vc120.pdb
e:\visual studio操作文件\charclient\charclient\release\stdafx.obj
e:\visual studio操作文件\charclient\charclient\release\http.obj
e:\visual studio操作文件\charclient\charclient\release\chatclient.obj
h:\charclient\charclient\release\charclient.pch
h:\charclient\charclient\release\vc120.pdb
h:\charclient\charclient\release\stdafx.obj
h:\charclient\charclient\release\http.obj
h:\charclient\charclient\release\chatclient.obj
e:\visual studio操作文件\charclient\release\charclient.exe
e:\visual studio操作文件\charclient\release\charclient.pdb
h:\charclient\release\charclient.exe
h:\charclient\release\charclient.pdb
e:\visual studio操作文件\charclient\charclient\release\charclient.res
h:\charclient\charclient\release\charclient.res
h:\charclient\charclient\release\charclient.tlog\cl.command.1.tlog
h:\charclient\charclient\release\charclient.tlog\cl.read.1.tlog
h:\charclient\charclient\release\charclient.tlog\cl.write.1.tlog
h:\charclient\charclient\release\charclient.tlog\link.command.1.tlog
h:\charclient\charclient\release\charclient.tlog\link.read.1.tlog
h:\charclient\charclient\release\charclient.tlog\link.write.1.tlog
h:\charclient\charclient\release\charclient.tlog\rc.command.1.tlog
h:\charclient\charclient\release\charclient.tlog\rc.read.1.tlog
h:\charclient\charclient\release\charclient.tlog\rc.write.1.tlog
