e:\visual studio操作文件\chatserver\chatserver\release\chatserver.pch
e:\visual studio操作文件\chatserver\chatserver\release\vc120.pdb
e:\visual studio操作文件\chatserver\chatserver\release\stdafx.obj
e:\visual studio操作文件\chatserver\chatserver\release\httpserver.obj
e:\visual studio操作文件\chatserver\chatserver\release\chatserver.obj
h:\chatserver\chatserver\release\chatserver.pch
h:\chatserver\chatserver\release\vc120.pdb
h:\chatserver\chatserver\release\stdafx.obj
h:\chatserver\chatserver\release\httpserver.obj
h:\chatserver\chatserver\release\chatserver.obj
e:\visual studio操作文件\chatserver\release\chatserver.exe
e:\visual studio操作文件\chatserver\release\chatserver.pdb
h:\chatserver\release\chatserver.exe
h:\chatserver\release\chatserver.pdb
e:\visual studio操作文件\chatserver\chatserver\release\chatserver.res
h:\chatserver\chatserver\release\chatserver.res
h:\chatserver\chatserver\release\chatserver.tlog\cl.command.1.tlog
h:\chatserver\chatserver\release\chatserver.tlog\cl.read.1.tlog
h:\chatserver\chatserver\release\chatserver.tlog\cl.write.1.tlog
h:\chatserver\chatserver\release\chatserver.tlog\link.command.1.tlog
h:\chatserver\chatserver\release\chatserver.tlog\link.read.1.tlog
h:\chatserver\chatserver\release\chatserver.tlog\link.write.1.tlog
h:\chatserver\chatserver\release\chatserver.tlog\rc.command.1.tlog
h:\chatserver\chatserver\release\chatserver.tlog\rc.read.1.tlog
h:\chatserver\chatserver\release\chatserver.tlog\rc.write.1.tlog
